<?xml version="1.0" encoding="UTF-8"?>
<testsuite name="Chrome_1709500_Linux.ViewContext tests" errors="0" failures="4" tests="4" time="97.616">
<testcase classname="Chrome_1709500_Linux.ViewContext tests" name="shoud have Raintime" time="5.072">
<failure type="failed" message="[{&quot;message&quot;:&quot;timeout: timed out after 5000 msec waiting for Waiting for Raintime to load&quot;,&quot;name&quot;:&quot;timeout&quot;,&quot;stack&quot;:&quot;\t\t\t&quot;}]">			

</failure>
</testcase>
<testcase classname="Chrome_1709500_Linux.ViewContext tests" name="should have a component" time="67.787">
<failure type="failed" message="[{&quot;message&quot;:&quot;timeout: timed out after 5000 msec waiting for Waiting for Raintime to load&quot;,&quot;name&quot;:&quot;timeout&quot;,&quot;stack&quot;:&quot;\t\t\t&quot;}]">			

</failure>
</testcase>
<testcase classname="Chrome_1709500_Linux.ViewContext tests" name="should have contain a controller" time="19.487">
<failure type="failed" message="[{&quot;message&quot;:&quot;timeout: timed out after 5000 msec waiting for Waiting for Raintime to load&quot;,&quot;name&quot;:&quot;timeout&quot;,&quot;stack&quot;:&quot;\t\t\t&quot;}]">			

</failure>
</testcase>
<testcase classname="Chrome_1709500_Linux.ViewContext tests" name="should have a viewContext" time="5.27">
<failure type="failed" message="[{&quot;message&quot;:&quot;timeout: timed out after 5000 msec waiting for Waiting for Raintime to load&quot;,&quot;name&quot;:&quot;timeout&quot;,&quot;stack&quot;:&quot;\t\t\t&quot;}]">			

</failure>
</testcase>
</testsuite>
